# JRE version: Java(TM) SE Runtime Environment (17.0.12+8) (build 17.0.12+8-LTS-286)
# Java VM: Java HotSpot(TM) 64-Bit Server VM (17.0.12+8-LTS-286, mixed mode, sharing, tiered, compressed oops, compressed class ptrs, g1 gc, windows-amd64)
GC Precious Log:
 CPUs: 4 total, 4 available
 Memory: 7986M
 Large Page Support: Disabled
 NUMA Support: Disabled
 Compressed Oops: Enabled (32-bit)
 Heap Region Size: 1M
 Heap Min Capacity: 8M
 Heap Initial Capacity: 126M
 Heap Max Capacity: 2G
 Pre-touch: Disabled
 Parallel Workers: 4
 Concurrent Workers: 1
 Concurrent Refinement Workers: 4
 Periodic GC: Disabled
Heap:
 garbage-first heap   total 287744K, used 228432K [0x0000000080000000, 0x0000000100000000)
  region size 1024K, 62 young (63488K), 9 survivors (9216K)
 Metaspace       used 104707K, committed 105472K, reserved 1179648K
  class space    used 14087K, committed 14464K, reserved 1048576K
GC Heap History (20 events):
Event: 82.105 GC heap before
{Heap before GC invocations=51 (full 0):
 garbage-first heap   total 193536K, used 126295K [0x0000000080000000, 0x0000000100000000)
  region size 1024K, 18 young (18432K), 1 survivors (1024K)
 Metaspace       used 92307K, committed 92992K, reserved 1179648K
  class space    used 12804K, committed 13184K, reserved 1048576K
}
Event: 82.113 GC heap after
{Heap after GC invocations=52 (full 0):
 garbage-first heap   total 193536K, used 111171K [0x0000000080000000, 0x0000000100000000)
  region size 1024K, 3 young (3072K), 3 survivors (3072K)
 Metaspace       used 92307K, committed 92992K, reserved 1179648K
  class space    used 12804K, committed 13184K, reserved 1048576K
}
Event: 82.447 GC heap before
{Heap before GC invocations=52 (full 0):
 garbage-first heap   total 193536K, used 117315K [0x0000000080000000, 0x0000000100000000)
  region size 1024K, 9 young (9216K), 3 survivors (3072K)
 Metaspace       used 92377K, committed 93120K, reserved 1179648K
  class space    used 12804K, committed 13184K, reserved 1048576K
}
Event: 82.456 GC heap after
{Heap after GC invocations=53 (full 0):
 garbage-first heap   total 193536K, used 110211K [0x0000000080000000, 0x0000000100000000)
  region size 1024K, 1 young (1024K), 1 survivors (1024K)
 Metaspace       used 92377K, committed 93120K, reserved 1179648K
  class space    used 12804K, committed 13184K, reserved 1048576K
}
Event: 84.763 GC heap before
{Heap before GC invocations=53 (full 0):
 garbage-first heap   total 193536K, used 170627K [0x0000000080000000, 0x0000000100000000)
  region size 1024K, 51 young (52224K), 1 survivors (1024K)
 Metaspace       used 92581K, committed 93248K, reserved 1179648K
  class space    used 12804K, committed 13184K, reserved 1048576K
}
Event: 84.798 GC heap after
{Heap after GC invocations=54 (full 0):
 garbage-first heap   total 195584K, used 135019K [0x0000000080000000, 0x0000000100000000)
  region size 1024K, 7 young (7168K), 7 survivors (7168K)
 Metaspace       used 92581K, committed 93248K, reserved 1179648K
  class space    used 12804K, committed 13184K, reserved 1048576K
}
Event: 85.683 GC heap before
{Heap before GC invocations=55 (full 0):
 garbage-first heap   total 239616K, used 154475K [0x0000000080000000, 0x0000000100000000)
  region size 1024K, 26 young (26624K), 7 survivors (7168K)
 Metaspace       used 92827K, committed 93504K, reserved 1179648K
  class space    used 12826K, committed 13184K, reserved 1048576K
}
Event: 85.705 GC heap after
{Heap after GC invocations=56 (full 0):
 garbage-first heap   total 239616K, used 143611K [0x0000000080000000, 0x0000000100000000)
  region size 1024K, 4 young (4096K), 4 survivors (4096K)
 Metaspace       used 92827K, committed 93504K, reserved 1179648K
  class space    used 12826K, committed 13184K, reserved 1048576K
}
Event: 85.934 GC heap before
{Heap before GC invocations=56 (full 0):
 garbage-first heap   total 239616K, used 150779K [0x0000000080000000, 0x0000000100000000)
  region size 1024K, 11 young (11264K), 4 survivors (4096K)
 Metaspace       used 92947K, committed 93632K, reserved 1179648K
  class space    used 12837K, committed 13184K, reserved 1048576K
}
Event: 85.946 GC heap after
{Heap after GC invocations=57 (full 0):
 garbage-first heap   total 287744K, used 145408K [0x0000000080000000, 0x0000000100000000)
  region size 1024K, 1 young (1024K), 1 survivors (1024K)
 Metaspace       used 92947K, committed 93632K, reserved 1179648K
  class space    used 12837K, committed 13184K, reserved 1048576K
}
Event: 90.145 GC heap before
{Heap before GC invocations=57 (full 0):
 garbage-first heap   total 287744K, used 217088K [0x0000000080000000, 0x0000000100000000)
  region size 1024K, 63 young (64512K), 1 survivors (1024K)
 Metaspace       used 95886K, committed 96640K, reserved 1179648K
  class space    used 13183K, committed 13568K, reserved 1048576K
}
Event: 90.173 GC heap after
{Heap after GC invocations=58 (full 0):
 garbage-first heap   total 287744K, used 153598K [0x0000000080000000, 0x0000000100000000)
  region size 1024K, 8 young (8192K), 8 survivors (8192K)
 Metaspace       used 95886K, committed 96640K, reserved 1179648K
  class space    used 13183K, committed 13568K, reserved 1048576K
}
Event: 93.136 GC heap before
{Heap before GC invocations=58 (full 0):
 garbage-first heap   total 287744K, used 243710K [0x0000000080000000, 0x0000000100000000)
  region size 1024K, 69 young (70656K), 8 survivors (8192K)
 Metaspace       used 96488K, committed 97280K, reserved 1179648K
  class space    used 13222K, committed 13632K, reserved 1048576K
}
Event: 93.160 GC heap after
{Heap after GC invocations=59 (full 0):
 garbage-first heap   total 287744K, used 161405K [0x0000000080000000, 0x0000000100000000)
  region size 1024K, 8 young (8192K), 8 survivors (8192K)
 Metaspace       used 96488K, committed 97280K, reserved 1179648K
  class space    used 13222K, committed 13632K, reserved 1048576K
}
Event: 94.732 GC heap before
{Heap before GC invocations=59 (full 0):
 garbage-first heap   total 287744K, used 220797K [0x0000000080000000, 0x0000000100000000)
  region size 1024K, 67 young (68608K), 8 survivors (8192K)
 Metaspace       used 99872K, committed 100608K, reserved 1179648K
  class space    used 13494K, committed 13888K, reserved 1048576K
}
Event: 94.746 GC heap after
{Heap after GC invocations=60 (full 0):
 garbage-first heap   total 287744K, used 166145K [0x0000000080000000, 0x0000000100000000)
  region size 1024K, 5 young (5120K), 5 survivors (5120K)
 Metaspace       used 99872K, committed 100608K, reserved 1179648K
  class space    used 13494K, committed 13888K, reserved 1048576K
}
Event: 95.938 GC heap before
{Heap before GC invocations=60 (full 0):
 garbage-first heap   total 287744K, used 225537K [0x0000000080000000, 0x0000000100000000)
  region size 1024K, 64 young (65536K), 5 survivors (5120K)
 Metaspace       used 101215K, committed 101952K, reserved 1179648K
  class space    used 13684K, committed 14016K, reserved 1048576K
}
Event: 95.950 GC heap after
{Heap after GC invocations=61 (full 0):
 garbage-first heap   total 287744K, used 168566K [0x0000000080000000, 0x0000000100000000)
  region size 1024K, 7 young (7168K), 7 survivors (7168K)
 Metaspace       used 101215K, committed 101952K, reserved 1179648K
  class space    used 13684K, committed 14016K, reserved 1048576K
}
Event: 96.961 GC heap before
{Heap before GC invocations=61 (full 0):
 garbage-first heap   total 287744K, used 230006K [0x0000000080000000, 0x0000000100000000)
  region size 1024K, 68 young (69632K), 7 survivors (7168K)
 Metaspace       used 103089K, committed 103808K, reserved 1179648K
  class space    used 13930K, committed 14272K, reserved 1048576K
}
Event: 96.979 GC heap after
{Heap after GC invocations=62 (full 0):
 garbage-first heap   total 287744K, used 176208K [0x0000000080000000, 0x0000000100000000)
  region size 1024K, 9 young (9216K), 9 survivors (9216K)
 Metaspace       used 103089K, committed 103808K, reserved 1179648K
  class space    used 13930K, committed 14272K, reserved 1048576K
}

